Thu Apr 23 22:02:32 ICT 2020 : Apache Derby Network Server - 10.11.1.2 - (1629631) started and ready to accept connections on port 1527
----------------------------------------------------------------
Thu Apr 23 22:02:32 ICT 2020:
Booting Derby version The Apache Software Foundation - Apache Derby - 10.11.1.2 - (1629631): instance a816c00e-0171-a78f-beb2-ffffd5850450 
on database directory C:\Users\ASUS\Documents\NetBeansProjects\Cinema_Project\Cinema with class loader sun.misc.Launcher$AppClassLoader@6f94fa3e 
Loaded from file:/C:/Program%20Files/Java/jdk1.8.0_111/db/lib/derby.jar
java.vendor=Oracle Corporation
java.runtime.version=1.8.0_111-b14
user.dir=C:\Program Files\Java\jdk1.8.0_111\db
os.name=Windows 10
os.arch=amd64
os.version=10.0
derby.system.home=C:\Users\ASUS\Documents\NetBeansProjects\Cinema_Project
Database Class Loader started - derby.database.classpath=''
----------------------------------------------------------------
Thu Apr 23 22:02:45 ICT 2020:
Shutting down instance a816c00e-0171-a78f-beb2-ffffd5850450 on database directory C:\Users\ASUS\Documents\NetBeansProjects\Cinema_Project\Cinema with class loader sun.misc.Launcher$AppClassLoader@6f94fa3e 
Thu Apr 23 22:02:45 ICT 2020 Thread[DRDAConnThread_2,5,main] (DATABASE = Cinema), (DRDAID = {2}), Database 'Cinema' shutdown.
----------------------------------------------------------------
Thu Apr 23 22:02:58 ICT 2020:
Booting Derby version The Apache Software Foundation - Apache Derby - 10.11.1.2 - (1629631): instance a65c80ac-0171-a78f-beb2-ffffd5850450 
on database directory C:\Users\ASUS\Documents\NetBeansProjects\Cinema_Project\Cinema with class loader sun.misc.Launcher$AppClassLoader@6f94fa3e 
Loaded from file:/C:/Program%20Files/Java/jdk1.8.0_111/db/lib/derby.jar
java.vendor=Oracle Corporation
java.runtime.version=1.8.0_111-b14
user.dir=C:\Program Files\Java\jdk1.8.0_111\db
os.name=Windows 10
os.arch=amd64
os.version=10.0
derby.system.home=C:\Users\ASUS\Documents\NetBeansProjects\Cinema_Project
Database Class Loader started - derby.database.classpath=''
----------------------------------------------------------------
Thu Apr 23 23:03:33 ICT 2020: Shutting down Derby engine
